Release 13.4 - xst O.87xd (lin64)
Copyright (c) 1995-2011 Xilinx, Inc.  All rights reserved.
--> 
Parameter TMPDIR set to xst/projnav.tmp


Total REAL time to Xst completion: 1.00 secs
Total CPU time to Xst completion: 0.07 secs
 
--> 
Parameter xsthdpdir set to xst


Total REAL time to Xst completion: 1.00 secs
Total CPU time to Xst completion: 0.08 secs
 
--> 
Reading design: VGA.prj

TABLE OF CONTENTS
  1) Synthesis Options Summary
  2) HDL Compilation
  3) Design Hierarchy Analysis
  4) HDL Analysis
  5) HDL Synthesis
     5.1) HDL Synthesis Report
  6) Advanced HDL Synthesis
     6.1) Advanced HDL Synthesis Report
  7) Low Level Synthesis
  8) Partition Report
  9) Final Report
	9.1) Device utilization summary
	9.2) Partition Resource Summary
	9.3) TIMING REPORT


=========================================================================
*                      Synthesis Options Summary                        *
=========================================================================
---- Source Parameters
Input File Name                    : "VGA.prj"
Input Format                       : mixed
Ignore Synthesis Constraint File   : NO

---- Target Parameters
Output File Name                   : "VGA"
Output Format                      : NGC
Target Device                      : xc3s500e-5-fg320

---- Source Options
Top Module Name                    : VGA
Automatic FSM Extraction           : YES
FSM Encoding Algorithm             : Auto
Safe Implementation                : No
FSM Style                          : LUT
RAM Extraction                     : Yes
RAM Style                          : Auto
ROM Extraction                     : Yes
Mux Style                          : Auto
Decoder Extraction                 : YES
Priority Encoder Extraction        : Yes
Shift Register Extraction          : YES
Logical Shifter Extraction         : YES
XOR Collapsing                     : YES
ROM Style                          : Auto
Mux Extraction                     : Yes
Resource Sharing                   : YES
Asynchronous To Synchronous        : NO
Multiplier Style                   : Auto
Automatic Register Balancing       : No

---- Target Options
Add IO Buffers                     : YES
Global Maximum Fanout              : 100000
Add Generic Clock Buffer(BUFG)     : 24
Register Duplication               : YES
Slice Packing                      : YES
Optimize Instantiated Primitives   : NO
Use Clock Enable                   : Yes
Use Synchronous Set                : Yes
Use Synchronous Reset              : Yes
Pack IO Registers into IOBs        : Auto
Equivalent register Removal        : YES

---- General Options
Optimization Goal                  : Speed
Optimization Effort                : 1
Keep Hierarchy                     : No
Netlist Hierarchy                  : As_Optimized
RTL Output                         : Yes
Global Optimization                : AllClockNets
Read Cores                         : YES
Write Timing Constraints           : NO
Cross Clock Analysis               : NO
Hierarchy Separator                : /
Bus Delimiter                      : <>
Case Specifier                     : Maintain
Slice Utilization Ratio            : 100
BRAM Utilization Ratio             : 100
Verilog 2001                       : YES
Auto BRAM Packing                  : NO
Slice Utilization Ratio Delta      : 5

---- Other Options
Cores Search Directories           : {"ipcore_dir"  }

=========================================================================


=========================================================================
*                          HDL Compilation                              *
=========================================================================
Compiling vhdl file "/home/student2/t78khan/designproject2/ipcore_dir/icon.vhd" in Library work.
Architecture icon_a of Entity icon is up to date.
Compiling vhdl file "/home/student2/t78khan/designproject2/ipcore_dir/ila.vhd" in Library work.
Architecture ila_a of Entity ila is up to date.
Compiling vhdl file "/home/student2/t78khan/designproject2/VGA.vhd" in Library work.
Entity <vga> compiled.
Entity <vga> (Architecture <behavioral>) compiled.

=========================================================================
*                     Design Hierarchy Analysis                         *
=========================================================================
Analyzing hierarchy for entity <VGA> in library <work> (architecture <behavioral>).


=========================================================================
*                            HDL Analysis                               *
=========================================================================
Analyzing Entity <VGA> in library <work> (Architecture <behavioral>).
WARNING:Xst:2211 - "/home/student2/t78khan/designproject2/VGA.vhd" line 95: Instantiating black box module <icon>.
WARNING:Xst:2211 - "/home/student2/t78khan/designproject2/VGA.vhd" line 99: Instantiating black box module <ila>.
Entity <VGA> analyzed. Unit <VGA> generated.


=========================================================================
*                           HDL Synthesis                               *
=========================================================================

Performing bidirectional port resolution...

Synthesizing Unit <VGA>.
    Related source file is "/home/student2/t78khan/designproject2/VGA.vhd".
WARNING:Xst:653 - Signal <ila_data<63:4>> is used but never assigned. This sourceless signal will be automatically connected to value 000000000000000000000000000000000000000000000000000000000000.
    Register <H_ila> equivalent to <H> has been removed
    Register <paddle1OffsetY> equivalent to <offset1> has been removed
    Register <paddle2OffsetY> equivalent to <offset2> has been removed
    Register <V_ila> equivalent to <V> has been removed
WARNING:Xst:643 - "/home/student2/t78khan/designproject2/VGA.vhd" line 270: The result of a 32x4-bit multiplication is partially used. Only the 32 least significant bits are used. If you are doing this on purpose, you may safely ignore this warning. Otherwise, make sure you are not losing information, leading to unexpected circuit behavior.
WARNING:Xst:643 - "/home/student2/t78khan/designproject2/VGA.vhd" line 283: The result of a 32x4-bit multiplication is partially used. Only the 32 least significant bits are used. If you are doing this on purpose, you may safely ignore this warning. Otherwise, make sure you are not losing information, leading to unexpected circuit behavior.
    Found 1-bit register for signal <H>.
    Found 1-bit register for signal <V>.
    Found 1-bit register for signal <DAC_CLK>.
    Found 8-bit register for signal <Rout>.
    Found 8-bit register for signal <Gout>.
    Found 8-bit register for signal <Bout>.
    Found 32x4-bit multiplier for signal <$mult0000> created at line 270.
    Found 32x4-bit multiplier for signal <$mult0001> created at line 283.
    Found 32-bit register for signal <ballDirX>.
    Found 32-bit adder for signal <ballDirX$add0000> created at line 290.
    Found 32-bit adder for signal <ballDirX$add0001> created at line 290.
    Found 32-bit comparator greatequal for signal <ballDirX$cmp_ge0000> created at line 290.
    Found 32-bit comparator greatequal for signal <ballDirX$cmp_ge0001> created at line 290.
    Found 32-bit comparator greatequal for signal <ballDirX$cmp_ge0002> created at line 285.
    Found 32-bit comparator greatequal for signal <ballDirX$cmp_ge0003> created at line 285.
    Found 32-bit comparator greatequal for signal <ballDirX$cmp_ge0004> created at line 283.
    Found 32-bit comparator greatequal for signal <ballDirX$cmp_ge0005> created at line 283.
    Found 32-bit comparator lessequal for signal <ballDirX$cmp_le0000> created at line 290.
    Found 32-bit comparator lessequal for signal <ballDirX$cmp_le0001> created at line 290.
    Found 32-bit comparator lessequal for signal <ballDirX$cmp_le0002> created at line 285.
    Found 32-bit comparator lessequal for signal <ballDirX$cmp_le0003> created at line 285.
    Found 32-bit comparator lessequal for signal <ballDirX$cmp_le0004> created at line 283.
    Found 32-bit comparator lessequal for signal <ballDirX$cmp_le0005> created at line 283.
    Found 32-bit adder for signal <ballDirX$mux0000>.
    Found 32-bit register for signal <ballDirY>.
    Found 32-bit comparator greatequal for signal <ballDirY$cmp_ge0000> created at line 270.
    Found 32-bit comparator lessequal for signal <ballDirY$cmp_le0000> created at line 270.
    Found 32-bit adder for signal <ballDirY$sub0000> created at line 271.
    Found 32-bit register for signal <ballOffsetX>.
    Found 32-bit adder for signal <ballOffsetX$add0000> created at line 255.
    Found 32-bit register for signal <ballOffsetY>.
    Found 32-bit adder for signal <ballOffsetY$add0000> created at line 257.
    Found 1-bit register for signal <dac>.
    Found 32-bit register for signal <delay>.
    Found 32-bit adder for signal <delay$addsub0000> created at line 248.
    Found 32-bit comparator less for signal <delay$cmp_lt0000> created at line 247.
    Found 32-bit comparator greater for signal <Gout$cmp_gt0000> created at line 212.
    Found 32-bit comparator greater for signal <Gout$cmp_gt0001> created at line 219.
    Found 32-bit comparator greater for signal <Gout$cmp_gt0002> created at line 219.
    Found 32-bit comparator greater for signal <Gout$cmp_gt0003> created at line 219.
    Found 32-bit comparator greater for signal <Gout$cmp_gt0004> created at line 219.
    Found 32-bit comparator greater for signal <Gout$cmp_gt0005> created at line 219.
    Found 32-bit comparator greater for signal <Gout$cmp_gt0006> created at line 219.
    Found 32-bit comparator greater for signal <Gout$cmp_gt0007> created at line 219.
    Found 32-bit comparator greater for signal <Gout$cmp_gt0008> created at line 219.
    Found 32-bit comparator greater for signal <Gout$cmp_gt0009> created at line 219.
    Found 32-bit comparator greater for signal <Gout$cmp_gt0010> created at line 219.
    Found 32-bit comparator greater for signal <Gout$cmp_gt0011> created at line 219.
    Found 32-bit comparator greater for signal <Gout$cmp_gt0012> created at line 219.
    Found 32-bit comparator less for signal <Gout$cmp_lt0000> created at line 212.
    Found 32-bit comparator less for signal <Gout$cmp_lt0001> created at line 219.
    Found 32-bit comparator less for signal <Gout$cmp_lt0002> created at line 219.
    Found 32-bit comparator less for signal <Gout$cmp_lt0003> created at line 219.
    Found 32-bit comparator less for signal <Gout$cmp_lt0004> created at line 219.
    Found 32-bit comparator less for signal <Gout$cmp_lt0005> created at line 219.
    Found 32-bit comparator less for signal <Gout$cmp_lt0006> created at line 219.
    Found 32-bit comparator less for signal <Gout$cmp_lt0007> created at line 219.
    Found 32-bit comparator less for signal <Gout$cmp_lt0008> created at line 219.
    Found 32-bit comparator less for signal <Gout$cmp_lt0009> created at line 219.
    Found 32-bit comparator less for signal <Gout$cmp_lt0010> created at line 219.
    Found 32-bit comparator less for signal <Gout$cmp_lt0011> created at line 219.
    Found 32-bit comparator less for signal <Gout$cmp_lt0012> created at line 219.
    Found 32-bit comparator less for signal <H$cmp_lt0000> created at line 118.
    Found 32-bit updown counter for signal <offset1>.
    Found 32-bit comparator greatequal for signal <offset1$cmp_ge0000> created at line 324.
    Found 32-bit comparator lessequal for signal <offset1$cmp_le0000> created at line 330.
    Found 32-bit updown counter for signal <offset2>.
    Found 32-bit comparator greatequal for signal <offset2$cmp_ge0000> created at line 346.
    Found 32-bit comparator lessequal for signal <offset2$cmp_le0000> created at line 352.
    Found 32-bit register for signal <offsetX>.
    Found 32-bit register for signal <offsetY>.
    Found 1-bit register for signal <reset>.
    Found 32-bit adder for signal <reset$addsub0000> created at line 308.
    Found 32-bit subtractor for signal <reset$addsub0001> created at line 308.
    Found 32-bit comparator greater for signal <reset$cmp_gt0000> created at line 308.
    Found 32-bit comparator less for signal <reset$cmp_lt0000> created at line 308.
    Found 32-bit adder for signal <Rout$add0000> created at line 195.
    Found 32-bit adder for signal <Rout$add0001> created at line 195.
    Found 32-bit adder for signal <Rout$add0002> created at line 201.
    Found 32-bit adder for signal <Rout$add0003> created at line 201.
    Found 32-bit adder for signal <Rout$add0004> created at line 207.
    Found 32-bit adder for signal <Rout$add0005> created at line 207.
    Found 32-bit comparator greater for signal <Rout$cmp_gt0000> created at line 186.
    Found 32-bit comparator greater for signal <Rout$cmp_gt0001> created at line 186.
    Found 32-bit comparator greater for signal <Rout$cmp_gt0002> created at line 186.
    Found 32-bit comparator greater for signal <Rout$cmp_gt0003> created at line 189.
    Found 32-bit comparator greater for signal <Rout$cmp_gt0004> created at line 189.
    Found 32-bit comparator greater for signal <Rout$cmp_gt0005> created at line 189.
    Found 32-bit comparator greater for signal <Rout$cmp_gt0006> created at line 195.
    Found 32-bit comparator greater for signal <Rout$cmp_gt0007> created at line 195.
    Found 32-bit comparator greater for signal <Rout$cmp_gt0008> created at line 201.
    Found 32-bit comparator greater for signal <Rout$cmp_gt0009> created at line 201.
    Found 32-bit comparator greater for signal <Rout$cmp_gt0010> created at line 207.
    Found 32-bit comparator greater for signal <Rout$cmp_gt0011> created at line 207.
    Found 32-bit comparator less for signal <Rout$cmp_lt0000> created at line 186.
    Found 32-bit comparator less for signal <Rout$cmp_lt0001> created at line 186.
    Found 32-bit comparator less for signal <Rout$cmp_lt0002> created at line 186.
    Found 32-bit comparator less for signal <Rout$cmp_lt0003> created at line 189.
    Found 32-bit comparator less for signal <Rout$cmp_lt0004> created at line 189.
    Found 32-bit comparator less for signal <Rout$cmp_lt0005> created at line 189.
    Found 32-bit comparator less for signal <Rout$cmp_lt0006> created at line 195.
    Found 32-bit comparator less for signal <Rout$cmp_lt0007> created at line 195.
    Found 32-bit comparator less for signal <Rout$cmp_lt0008> created at line 201.
    Found 32-bit comparator less for signal <Rout$cmp_lt0009> created at line 201.
    Found 32-bit comparator less for signal <Rout$cmp_lt0010> created at line 207.
    Found 32-bit comparator less for signal <Rout$cmp_lt0011> created at line 207.
    Found 32-bit subtractor for signal <Rout$sub0000> created at line 207.
    Found 32-bit subtractor for signal <Rout$sub0001> created at line 207.
    Found 1-bit register for signal <screenOn>.
    Found 32-bit comparator greater for signal <screenOn$cmp_gt0000> created at line 150.
    Found 32-bit comparator greater for signal <screenOn$cmp_gt0001> created at line 150.
    Found 32-bit comparator lessequal for signal <screenOn$cmp_le0000> created at line 150.
    Found 32-bit comparator lessequal for signal <screenOn$cmp_le0001> created at line 150.
    Found 1-bit register for signal <trigger>.
    Found 32-bit comparator greater for signal <trigger$cmp_gt0000> created at line 139.
    Found 32-bit comparator greater for signal <trigger$cmp_gt0001> created at line 139.
    Found 32-bit comparator less for signal <V$cmp_lt0000> created at line 131.
    Found 32-bit up counter for signal <xPos>.
    Found 32-bit up counter for signal <yPos>.
    Summary:
	inferred   4 Counter(s).
	inferred 255 D-type flip-flop(s).
	inferred  17 Adder/Subtractor(s).
	inferred   2 Multiplier(s).
	inferred  79 Comparator(s).
Unit <VGA> synthesized.

INFO:Xst:1767 - HDL ADVISOR - Resource sharing has identified that some arithmetic operations in this design can share the same physical resources for reduced device utilization. For improved clock frequency you may try to disable resource sharing.

=========================================================================
HDL Synthesis Report

Macro Statistics
# Multipliers                                          : 2
 32x4-bit multiplier                                   : 2
# Adders/Subtractors                                   : 17
 32-bit adder                                          : 14
 32-bit subtractor                                     : 3
# Counters                                             : 4
 32-bit up counter                                     : 2
 32-bit updown counter                                 : 2
# Registers                                            : 17
 1-bit register                                        : 7
 32-bit register                                       : 7
 8-bit register                                        : 3
# Comparators                                          : 79
 32-bit comparator greatequal                          : 9
 32-bit comparator greater                             : 30
 32-bit comparator less                                : 29
 32-bit comparator lessequal                           : 11

=========================================================================

=========================================================================
*                       Advanced HDL Synthesis                          *
=========================================================================

Reading core <ipcore_dir/icon.ngc>.
Reading core <ipcore_dir/ila.ngc>.
Loading core <icon> for timing and area information for instance <sys_icon>.
Loading core <ila> for timing and area information for instance <sys_ila>.

=========================================================================
Advanced HDL Synthesis Report

Macro Statistics
# Multipliers                                          : 2
 32x4-bit multiplier                                   : 2
# Adders/Subtractors                                   : 17
 32-bit adder                                          : 14
 32-bit subtractor                                     : 3
# Counters                                             : 4
 32-bit up counter                                     : 2
 32-bit updown counter                                 : 2
# Registers                                            : 255
 Flip-Flops                                            : 255
# Comparators                                          : 79
 32-bit comparator greatequal                          : 9
 32-bit comparator greater                             : 30
 32-bit comparator less                                : 29
 32-bit comparator lessequal                           : 11

=========================================================================

=========================================================================
*                         Low Level Synthesis                           *
=========================================================================
INFO:Xst:2261 - The FF/Latch <Gout_2> in Unit <VGA> is equivalent to the following FF/Latch, which will be removed : <Gout_4> 
INFO:Xst:2261 - The FF/Latch <Bout_0> in Unit <VGA> is equivalent to the following 3 FFs/Latches, which will be removed : <Bout_1> <Bout_4> <Bout_7> 
INFO:Xst:2261 - The FF/Latch <Bout_2> in Unit <VGA> is equivalent to the following 3 FFs/Latches, which will be removed : <Bout_3> <Bout_5> <Bout_6> 
INFO:Xst:2261 - The FF/Latch <Gout_0> in Unit <VGA> is equivalent to the following 5 FFs/Latches, which will be removed : <Gout_1> <Gout_3> <Gout_5> <Gout_6> <Gout_7> 
INFO:Xst:2261 - The FF/Latch <Rout_0> in Unit <VGA> is equivalent to the following 7 FFs/Latches, which will be removed : <Rout_1> <Rout_2> <Rout_3> <Rout_4> <Rout_5> <Rout_6> <Rout_7> 

Optimizing unit <VGA> ...

Mapping all equations...
Building and optimizing final netlist ...
INFO:Xst:2261 - The FF/Latch <dac> in Unit <VGA> is equivalent to the following FF/Latch, which will be removed : <DAC_CLK> 
Found area constraint ratio of 100 (+ 5) on block VGA, actual ratio is 29.
FlipFlop dac has been replicated 1 time(s) to handle iob=true attribute.
FlipFlop H has been replicated 1 time(s) to handle iob=true attribute.
FlipFlop V has been replicated 1 time(s) to handle iob=true attribute.
FlipFlop Bout_0 has been replicated 3 time(s) to handle iob=true attribute.
FlipFlop Bout_2 has been replicated 3 time(s) to handle iob=true attribute.
FlipFlop Gout_0 has been replicated 5 time(s) to handle iob=true attribute.
FlipFlop Gout_2 has been replicated 1 time(s) to handle iob=true attribute.
FlipFlop Rout_0 has been replicated 7 time(s) to handle iob=true attribute.

Final Macro Processing ...

=========================================================================
Final Register Report

Macro Statistics
# Registers                                            : 385
 Flip-Flops                                            : 385

=========================================================================

=========================================================================
*                           Partition Report                            *
=========================================================================

Partition Implementation Status
-------------------------------

  No Partitions were found in this design.

-------------------------------

=========================================================================
*                            Final Report                               *
=========================================================================
Final Results
RTL Top Level Output File Name     : VGA.ngr
Top Level Output File Name         : VGA
Output Format                      : NGC
Optimization Goal                  : Speed
Keep Hierarchy                     : No

Design Statistics
# IOs                              : 32

Cell Usage :
# BELS                             : 4951
#      GND                         : 3
#      INV                         : 373
#      LUT1                        : 452
#      LUT2                        : 762
#      LUT3                        : 139
#      LUT3_L                      : 1
#      LUT4                        : 515
#      LUT4_L                      : 1
#      MUXCY                       : 1868
#      MUXCY_L                     : 55
#      MUXF5                       : 33
#      MUXF6                       : 9
#      VCC                         : 3
#      XORCY                       : 737
# FlipFlops/Latches                : 700
#      FD                          : 64
#      FDC                         : 1
#      FDCE                        : 24
#      FDE                         : 323
#      FDP                         : 66
#      FDPE                        : 4
#      FDR                         : 82
#      FDRE                        : 97
#      FDRS                        : 28
#      FDS                         : 10
#      LDC                         : 1
# RAMS                             : 3
#      RAMB16_S1_S36               : 3
# Shift Registers                  : 117
#      SRL16                       : 64
#      SRL16E                      : 1
#      SRLC16E                     : 52
# Clock Buffers                    : 3
#      BUFG                        : 3
# IO Buffers                       : 32
#      IBUF                        : 5
#      OBUF                        : 27
# MULTs                            : 4
#      MULT18X18SIO                : 4
# Others                           : 4
#      BSCAN_SPARTAN3              : 1
#      TIMESPEC                    : 3
=========================================================================

Device utilization summary:
---------------------------

Selected Device : 3s500efg320-5 

 Number of Slices:                     1321  out of   4656    28%  
 Number of Slice Flip Flops:            673  out of   9312     7%  
 Number of 4 input LUTs:               2360  out of   9312    25%  
    Number used as logic:              2243
    Number used as Shift registers:     117
 Number of IOs:                          32
 Number of bonded IOBs:                  32  out of    232    13%  
    IOB Flip Flops:                      27
 Number of BRAMs:                         3  out of     20    15%  
 Number of MULT18X18SIOs:                 4  out of     20    20%  
 Number of GCLKs:                         3  out of     24    12%  

---------------------------
Partition Resource Summary:
---------------------------

  No Partitions were found in this design.

---------------------------


=========================================================================
TIMING REPORT

NOTE: THESE TIMING NUMBERS ARE ONLY A SYNTHESIS ESTIMATE.
      FOR ACCURATE TIMING INFORMATION PLEASE REFER TO THE TRACE REPORT
      GENERATED AFTER PLACE-and-ROUTE.

Clock Information:
------------------
------------------------------------------------------------------------------+-----------------------------------------------------+-------+
Clock Signal                                                                  | Clock buffer(FF name)                               | Load  |
------------------------------------------------------------------------------+-----------------------------------------------------+-------+
sys_icon/U0/U_ICON/I_YES_BSCAN.U_BS/DRCK1                                     | BUFG                                                | 136   |
sys_icon/U0/iUPDATE_OUT                                                       | NONE(sys_icon/U0/U_ICON/U_iDATA_CMD)                | 1     |
clk                                                                           | IBUF+BUFG                                           | 591   |
sys_icon/CONTROL0<13>(sys_icon/U0/U_ICON/U_CTRL_OUT/F_NCP[0].F_CMD[9].U_LCE:O)| NONE(*)(sys_ila/U0/I_YES_D.U_ILA/U_STAT/U_DIRTY_LDC)| 1     |
dac                                                                           | BUFG                                                | 94    |
------------------------------------------------------------------------------+-----------------------------------------------------+-------+
(*) This 1 clock signal(s) are generated by combinatorial logic,
and XST is not able to identify which are the primary clock signals.
Please use the CLOCK_SIGNAL constraint to specify the clock signal(s) generated by combinatorial logic.
INFO:Xst:2169 - HDL ADVISOR - Some clock signals were not automatically buffered by XST with BUFG/BUFR resources. Please use the buffer_type constraint in order to insert these buffers to the clock signals to help prevent skew problems.

Asynchronous Control Signals Information:
----------------------------------------
-----------------------------------------------------------------------------------------------------------+----------------------------------------------------------------------------------------------------------------------+-------+
Control Signal                                                                                             | Buffer(FF name)                                                                                                      | Load  |
-----------------------------------------------------------------------------------------------------------+----------------------------------------------------------------------------------------------------------------------+-------+
sys_ila/N0(sys_ila/XST_GND:G)                                                                              | NONE(sys_ila/U0/I_DQ.G_DW[0].U_DQ)                                                                                   | 66    |
sys_icon/U0/U_ICON/U_CMD/iSEL_n(sys_icon/U0/U_ICON/U_CMD/U_SEL_n:O)                                        | NONE(sys_icon/U0/U_ICON/U_CMD/G_TARGET[10].I_NE0.U_TARGET)                                                           | 10    |
sys_ila/U0/I_YES_D.U_ILA/U_RST/U_ARM_XFER/iCLR(sys_ila/U0/I_YES_D.U_ILA/U_RST/U_ARM_XFER/U_CLEAR:O)        | NONE(sys_ila/U0/I_YES_D.U_ILA/U_RST/U_ARM_XFER/U_DOUT0)                                                              | 4     |
sys_ila/U0/I_YES_D.U_ILA/U_RST/U_HALT_XFER/iCLR(sys_ila/U0/I_YES_D.U_ILA/U_RST/U_HALT_XFER/U_CLEAR:O)      | NONE(sys_ila/U0/I_YES_D.U_ILA/U_RST/U_HALT_XFER/U_DOUT0)                                                             | 4     |
sys_ila/U0/I_YES_D.U_ILA/U_STAT/U_DSL1/iCLR(sys_ila/U0/I_YES_D.U_ILA/U_STAT/U_DSL1/U_CLEAR:O)              | NONE(sys_ila/U0/I_YES_D.U_ILA/U_STAT/U_DSL1/U_DOUT0)                                                                 | 4     |
sys_icon/CONTROL0<20>(sys_icon/U0/U_ICON/U_CTRL_OUT/F_NCP[0].F_CMD[0].U_HCE:O)                             | NONE(sys_ila/U0/I_YES_D.U_ILA/U_TRIG/U_TM/G_NMU[0].U_M/U_MU/I_MUT_GANDX.U_match/I_SRL16.U_GANDX_SRL16/F_TW[0].U_TREG)| 2     |
sys_ila/U0/I_YES_D.U_ILA/iARM(sys_ila/U0/I_YES_D.U_ILA/U_RST/U_ARM_XFER/U_GEN_DELAY[3].U_FD:Q)             | NONE(sys_ila/U0/I_YES_D.U_ILA/U_STAT/U_DIRTY_FDCE)                                                                   | 2     |
sys_icon/CONTROL0<13>(sys_icon/U0/U_ICON/U_CTRL_OUT/F_NCP[0].F_CMD[9].U_LCE:O)                             | NONE(sys_ila/U0/I_YES_D.U_ILA/U_STAT/U_DIRTY_FDPE)                                                                   | 1     |
sys_icon/U0/U_ICON/iSEL_n(sys_icon/U0/U_ICON/U_iSEL_n:O)                                                   | NONE(sys_icon/U0/U_ICON/U_iDATA_CMD)                                                                                 | 1     |
sys_ila/U0/I_YES_D.U_ILA/U_STAT/ACTRESET_pulse(sys_ila/U0/I_YES_D.U_ILA/U_STAT/U_RESET_EDGE/I_H2L.U_DOUT:Q)| NONE(sys_ila/U0/I_YES_D.U_ILA/U_STAT/U_RISING)                                                                       | 1     |
sys_ila/U0/I_YES_D.U_ILA/iRESET<1>(sys_ila/U0/I_YES_D.U_ILA/U_RST/G_RST[1].U_RST:Q)                        | NONE(sys_ila/U0/I_YES_D.U_ILA/U_TRIG/U_TM/G_NMU[0].U_M/U_MU/I_OREG.I_YES_OREG.U_OREG)                                | 1     |
-----------------------------------------------------------------------------------------------------------+----------------------------------------------------------------------------------------------------------------------+-------+

Timing Summary:
---------------
Speed Grade: -5

   Minimum period: 15.949ns (Maximum Frequency: 62.701MHz)
   Minimum input arrival time before clock: 5.864ns
   Maximum output required time after clock: 4.040ns
   Maximum combinational path delay: No path found

=========================================================================
Timing constraint: TS_J_CLK = PERIOD TIMEGRP "J_CLK" 30 nS HIGH 15 nS
  Clock period: 11.202ns (frequency: 89.268MHz)
  Total number of paths / destination ports: 3401 / 300
  Number of failed paths / ports: 0 (0.00%) / 0 (0.00%)
-------------------------------------------------------------------------
Slack:                  22.991ns
  Source:               sys_icon/U0/U_ICON/U_TDI_reg (FF)
  Destination:          sys_ila/U0/I_YES_D.U_ILA/U_STAT/U_TDO (FF)
  Data Path Delay:      11.202ns (Levels of Logic = 9)
  Source Clock:         sys_icon/U0/U_ICON/I_YES_BSCAN.U_BS/DRCK1 rising at 0.000ns
  Destination Clock:    sys_icon/U0/U_ICON/I_YES_BSCAN.U_BS/DRCK1 rising at 30.000ns

  Data Path: sys_icon/U0/U_ICON/U_TDI_reg (FF) to sys_ila/U0/I_YES_D.U_ILA/U_STAT/U_TDO (FF)
                                Gate     Net
    Cell:in->out      fanout   Delay   Delay  Logical Name (Net Name)
    ----------------------------------------  ------------
     FDE:C->Q              7   0.514   0.632  U0/U_ICON/U_TDI_reg (CONTROL0<1>)
     end scope: 'sys_icon'
     begin scope: 'sys_ila'
     LUT4:I2->O            1   0.612   0.000  U0/U_XST_CONTROLBUS_WORKAROUND/CONTROL_XST_WORKAROUND_O_cmp_eq0000_wg_lut<7> (U0/U_XST_CONTROLBUS_WORKAROUND/CONTROL_XST_WORKAROUND_O_cmp_eq0000_wg_lut<7>)
     MUXCY:S->O            1   0.404   0.000  U0/U_XST_CONTROLBUS_WORKAROUND/CONTROL_XST_WORKAROUND_O_cmp_eq0000_wg_cy<7> (U0/U_XST_CONTROLBUS_WORKAROUND/CONTROL_XST_WORKAROUND_O_cmp_eq0000_wg_cy<7>)
     MUXCY:CI->O           3   0.399   0.603  U0/U_XST_CONTROLBUS_WORKAROUND/CONTROL_XST_WORKAROUND_O_cmp_eq0000_wg_cy<8> (U0/U_XST_CONTROLBUS_WORKAROUND/CONTROL_XST_WORKAROUND_O_cmp_eq0000_wg_cy<8>)
     LUT3:I0->O            1   0.612   0.000  U0/I_YES_D.U_ILA/U_STAT/U_SMUX/U_CS_MUX/I6.U_MUX64/Mmux_O_15_f5_G (N43)
     MUXF5:I1->O           1   0.278   0.387  U0/I_YES_D.U_ILA/U_STAT/U_SMUX/U_CS_MUX/I6.U_MUX64/Mmux_O_15_f5 (U0/I_YES_D.U_ILA/U_STAT/U_SMUX/U_CS_MUX/I6.U_MUX64/Mmux_O_15_f5)
     LUT3_L:I2->LO         1   0.612   0.103  U0/I_YES_D.U_ILA/U_STAT/U_MUX/U_CS_MUX/I1.U_MUX2/O21_SW0 (N40)
     LUT4:I3->O            1   0.612   0.360  U0/I_YES_D.U_ILA/U_STAT/U_MUX/U_CS_MUX/I1.U_MUX2/O39 (U0/I_YES_D.U_ILA/U_STAT/U_MUX/U_CS_MUX/I1.U_MUX2/O39)
     LUT4:I3->O            1   0.612   0.000  U0/I_YES_D.U_ILA/U_STAT/U_MUX/U_CS_MUX/I1.U_MUX2/O87 (U0/I_YES_D.U_ILA/U_STAT/TDO_next)
     FDE:D                     0.268          U0/I_YES_D.U_ILA/U_STAT/U_TDO
    ----------------------------------------
    Total                     11.202ns (9.117ns logic, 2.085ns route)
                                       (81.4% logic, 18.6% route)

=========================================================================
Timing constraint: TS_U_TO_J = MAXDELAY FROM TIMEGRP "U_CLK" TO TIMEGRP "J_CLK" 15 nS
  Clock period: 3.016ns (frequency: 331.587MHz)
  Total number of paths / destination ports: 18 / 18
  Number of failed paths / ports: 0 (0.00%) / 0 (0.00%)
-------------------------------------------------------------------------
Slack:                  11.984ns
  Source:               sys_icon/U0/U_ICON/U_iDATA_CMD (FF)
  Destination:          sys_icon/U0/U_ICON/U_SYNC/G_SYNC_WORD[6].I_EQ0.U_FDR (FF)
  Data Path Delay:      3.016ns (Levels of Logic = 1)
  Source Clock:         sys_icon/U0/iUPDATE_OUT rising at 0.000ns
  Destination Clock:    sys_icon/U0/U_ICON/I_YES_BSCAN.U_BS/DRCK1 rising at 15.000ns

  Data Path: sys_icon/U0/U_ICON/U_iDATA_CMD (FF) to sys_icon/U0/U_ICON/U_SYNC/G_SYNC_WORD[6].I_EQ0.U_FDR (FF)
                                Gate     Net
    Cell:in->out      fanout   Delay   Delay  Logical Name (Net Name)
    ----------------------------------------  ------------
     FDC:C->Q              3   0.514   0.451  U0/U_ICON/U_iDATA_CMD (U0/U_ICON/iDATA_CMD)
     INV:I->O              8   0.612   0.643  U0/U_ICON/U_SYNC/U_iDATA_CMD_n (U0/U_ICON/U_SYNC/iDATA_CMD_n)
     FDR:R                     0.795          U0/U_ICON/U_SYNC/G_SYNC_WORD[6].I_EQ0.U_FDR
    ----------------------------------------
    Total                      3.016ns (1.921ns logic, 1.095ns route)
                                       (63.7% logic, 36.3% route)

=========================================================================
Timing constraint: TS_U_TO_U = MAXDELAY FROM TIMEGRP "U_CLK" TO TIMEGRP "U_CLK" 15 nS
  Clock period: 2.202ns (frequency: 454.060MHz)
  Total number of paths / destination ports: 1 / 1
  Number of failed paths / ports: 0 (0.00%) / 0 (0.00%)
-------------------------------------------------------------------------
Slack:                  12.798ns
  Source:               sys_icon/U0/U_ICON/U_iDATA_CMD (FF)
  Destination:          sys_icon/U0/U_ICON/U_iDATA_CMD (FF)
  Data Path Delay:      2.202ns (Levels of Logic = 1)
  Source Clock:         sys_icon/U0/iUPDATE_OUT rising at 0.000ns
  Destination Clock:    sys_icon/U0/iUPDATE_OUT rising at 15.000ns

  Data Path: sys_icon/U0/U_ICON/U_iDATA_CMD (FF) to sys_icon/U0/U_ICON/U_iDATA_CMD (FF)
                                Gate     Net
    Cell:in->out      fanout   Delay   Delay  Logical Name (Net Name)
    ----------------------------------------  ------------
     FDC:C->Q              3   0.514   0.451  U0/U_ICON/U_iDATA_CMD (U0/U_ICON/iDATA_CMD)
     INV:I->O              1   0.612   0.357  U0/U_ICON/U_iDATA_CMD_n (U0/U_ICON/iDATA_CMD_n)
     FDC:D                     0.268          U0/U_ICON/U_iDATA_CMD
    ----------------------------------------
    Total                      2.202ns (1.394ns logic, 0.808ns route)
                                       (63.3% logic, 36.7% route)

=========================================================================
Timing constraint: TS_J_TO_D = FROM TIMEGRP "J_CLK" TO TIMEGRP "D_CLK" TIG;
  Clock period: 5.445ns (frequency: 183.655MHz)
  Total number of paths / destination ports: 193 / 100
  Number of failed paths / ports: 0 (0.00%) / 0 (0.00%)
-------------------------------------------------------------------------
Delay:                  5.445ns
  Source:               sys_ila/U0/I_YES_D.U_ILA/U_G2_SQ.U_CAPCTRL/I_SRLT_NE_1.U_SCRST/I_NOLUT6.I_SRL_T2.I_YES_RPM.UF0_CFGLUT4 (FF)
  Destination:          sys_ila/U0/I_YES_D.U_ILA/U_G2_SQ.U_CAPCTRL/U_CAP_ADDRGEN/I_NO_TSEQ.I_SRLT_NE_1.U_SCNT/G[8].U_FDRE (FF)
  Data Path Delay:      5.445ns (Levels of Logic = 2)
  Source Clock:         sys_icon/U0/U_ICON/I_YES_BSCAN.U_BS/DRCK1 rising at 0.000ns
  Destination Clock:    clk rising at 0.000ns

  Data Path: sys_ila/U0/I_YES_D.U_ILA/U_G2_SQ.U_CAPCTRL/I_SRLT_NE_1.U_SCRST/I_NOLUT6.I_SRL_T2.I_YES_RPM.UF0_CFGLUT4 (FF) to sys_ila/U0/I_YES_D.U_ILA/U_G2_SQ.U_CAPCTRL/U_CAP_ADDRGEN/I_NO_TSEQ.I_SRLT_NE_1.U_SCNT/G[8].U_FDRE (FF)
                                Gate     Net
    Cell:in->out      fanout   Delay   Delay  Logical Name (Net Name)
    ----------------------------------------  ------------
     SRLC16E:CLK->Q        1   3.224   0.000  U0/I_YES_D.U_ILA/U_G2_SQ.U_CAPCTRL/I_SRLT_NE_1.U_SCRST/I_NOLUT6.I_SRL_T2.I_YES_RPM.UF0_CFGLUT4 (U0/I_YES_D.U_ILA/U_G2_SQ.U_CAPCTRL/I_SRLT_NE_1.U_SCRST/iO<0>)
     MUXF5:I1->O           1   0.278   0.000  U0/I_YES_D.U_ILA/U_G2_SQ.U_CAPCTRL/I_SRLT_NE_1.U_SCRST/I_NOLUT6.I_SRL_T2.I_YES_RPM.U0_MUXF5 (U0/I_YES_D.U_ILA/U_G2_SQ.U_CAPCTRL/I_SRLT_NE_1.U_SCRST/jO<0>)
     MUXF6:I1->O           9   0.451   0.697  U0/I_YES_D.U_ILA/U_G2_SQ.U_CAPCTRL/I_SRLT_NE_1.U_SCRST/I_NOLUT6.I_SRL_T2.I_YES_RPM.I_NO_OREG.U_MUXF6 (U0/I_YES_D.U_ILA/U_G2_SQ.U_CAPCTRL/SCNT_RESET)
     FDRE:R                    0.795          U0/I_YES_D.U_ILA/U_G2_SQ.U_CAPCTRL/U_CAP_ADDRGEN/I_NO_TSEQ.I_SRLT_NE_1.U_SCNT/G[8].U_FDRE
    ----------------------------------------
    Total                      5.445ns (4.748ns logic, 0.697ns route)
                                       (87.2% logic, 12.8% route)

=========================================================================
Timing constraint: TS_D_TO_J = FROM TIMEGRP "D_CLK" TO TIMEGRP "J_CLK" TIG;
  Clock period: 6.540ns (frequency: 152.905MHz)
  Total number of paths / destination ports: 289 / 272
  Number of failed paths / ports: 0 (0.00%) / 0 (0.00%)
-------------------------------------------------------------------------
Delay:                  6.540ns
  Source:               sys_ila/U0/I_YES_D.U_ILA/U_CAPSTOR/I_CASE1.I_NO_TB.I_RT1.U_RAM/G_BRAM[2].U_BRAM/ram_rt1_s1_s32_if.ram_rt1_s1_s32_i (RAM)
  Destination:          sys_icon/U0/U_ICON/U_TDO_reg (FF)
  Data Path Delay:      6.540ns (Levels of Logic = 6)
  Source Clock:         sys_icon/U0/U_ICON/I_YES_BSCAN.U_BS/DRCK1 rising at 0.000ns
  Destination Clock:    sys_icon/U0/U_ICON/I_YES_BSCAN.U_BS/DRCK1 rising at 0.000ns

  Data Path: sys_ila/U0/I_YES_D.U_ILA/U_CAPSTOR/I_CASE1.I_NO_TB.I_RT1.U_RAM/G_BRAM[2].U_BRAM/ram_rt1_s1_s32_if.ram_rt1_s1_s32_i (RAM) to sys_icon/U0/U_ICON/U_TDO_reg (FF)
                                Gate     Net
    Cell:in->out      fanout   Delay   Delay  Logical Name (Net Name)
    ----------------------------------------  ------------
     RAMB16_S1_S36:CLKA->DOA0    1   2.436   0.509  U0/I_YES_D.U_ILA/U_CAPSTOR/I_CASE1.I_NO_TB.I_RT1.U_RAM/G_BRAM[2].U_BRAM/ram_rt1_s1_s32_if.ram_rt1_s1_s32_i (U0/I_YES_D.U_ILA/U_CAPSTOR/I_CASE1.I_NO_TB.I_RT1.U_RAM/localDOA<2>)
     LUT2:I0->O            1   0.612   0.000  U0/I_YES_D.U_ILA/U_CAPSTOR/I_CASE1.I_NO_TB.I_RT1.U_RAM/I_MUX.U_RD_DATA/U_CS_MUX/I2.U_MUX4/Mmux_O21 (U0/I_YES_D.U_ILA/U_CAPSTOR/I_CASE1.I_NO_TB.I_RT1.U_RAM/I_MUX.U_RD_DATA/U_CS_MUX/I2.U_MUX4/Mmux_O2)
     MUXF5:I1->O           1   0.278   0.426  U0/I_YES_D.U_ILA/U_CAPSTOR/I_CASE1.I_NO_TB.I_RT1.U_RAM/I_MUX.U_RD_DATA/U_CS_MUX/I2.U_MUX4/Mmux_O2_f5 (U0/I_YES_D.U_ILA/iDATA_DOUT)
     LUT3:I1->O            1   0.612   0.509  U0/I_YES_D.U_ILA/U_DOUT (CONTROL<3>)
     end scope: 'sys_ila'
     begin scope: 'sys_icon'
     LUT4:I0->O            1   0.612   0.000  U0/U_ICON/U_TDO_MUX/U_CS_MUX/I4.U_MUX16/Mmux_O_4 (U0/U_ICON/U_TDO_MUX/U_CS_MUX/I4.U_MUX16/Mmux_O_4)
     MUXF5:I0->O           1   0.278   0.000  U0/U_ICON/U_TDO_MUX/U_CS_MUX/I4.U_MUX16/Mmux_O_2_f5 (U0/U_ICON/iTDO_next)
     FDE:D                     0.268          U0/U_ICON/U_TDO_reg
    ----------------------------------------
    Total                      6.540ns (5.096ns logic, 1.444ns route)
                                       (77.9% logic, 22.1% route)

=========================================================================
Timing constraint: TS_D2_TO_T2 = FROM TIMEGRP "D2_CLK" TO TIMEGRP "FFS" TIG;
  Clock period: 5.624ns (frequency: 177.798MHz)
  Total number of paths / destination ports: 3 / 3
  Number of failed paths / ports: 0 (0.00%) / 0 (0.00%)
-------------------------------------------------------------------------
Delay:                  5.624ns
  Source:               sys_ila/U0/I_YES_D.U_ILA/U_STAT/U_DIRTY_LDC (LATCH)
  Destination:          sys_ila/U0/I_YES_D.U_ILA/U_STAT/U_TDO (FF)
  Data Path Delay:      5.624ns (Levels of Logic = 6)
  Source Clock:         sys_icon/CONTROL0<13> falling at 0.000ns
  Destination Clock:    sys_icon/U0/U_ICON/I_YES_BSCAN.U_BS/DRCK1 rising at 0.000ns

  Data Path: sys_ila/U0/I_YES_D.U_ILA/U_STAT/U_DIRTY_LDC (LATCH) to sys_ila/U0/I_YES_D.U_ILA/U_STAT/U_TDO (FF)
                                Gate     Net
    Cell:in->out      fanout   Delay   Delay  Logical Name (Net Name)
    ----------------------------------------  ------------
     LDC:G->Q              1   0.588   0.509  U0/I_YES_D.U_ILA/U_STAT/U_DIRTY_LDC (U0/I_YES_D.U_ILA/U_STAT/DIRTY_SEL)
     LUT3:I0->O            3   0.612   0.481  U0/I_YES_D.U_ILA/U_STAT/DIRTY_dstat1 (U0/I_YES_D.U_ILA/U_STAT/DIRTY_dstat)
     LUT3:I2->O            1   0.612   0.000  U0/I_YES_D.U_ILA/U_STAT/U_DMUX/U_CS_MUX/I3.U_MUX8/Mmux_O_91_F (N44)
     MUXF5:I0->O           1   0.278   0.387  U0/I_YES_D.U_ILA/U_STAT/U_DMUX/U_CS_MUX/I3.U_MUX8/Mmux_O_91 (U0/I_YES_D.U_ILA/U_STAT/U_DMUX/U_CS_MUX/I3.U_MUX8/Mmux_O_91)
     LUT4:I2->O            1   0.612   0.000  U0/I_YES_D.U_ILA/U_STAT/U_DMUX/U_CS_MUX/I3.U_MUX8/Mmux_O_4 (U0/I_YES_D.U_ILA/U_STAT/U_DMUX/U_CS_MUX/I3.U_MUX8/Mmux_O_4)
     MUXF5:I0->O           1   0.278   0.387  U0/I_YES_D.U_ILA/U_STAT/U_DMUX/U_CS_MUX/I3.U_MUX8/Mmux_O_2_f5 (U0/I_YES_D.U_ILA/U_STAT/TDO_mux_in<0>1)
     LUT4:I2->O            1   0.612   0.000  U0/I_YES_D.U_ILA/U_STAT/U_MUX/U_CS_MUX/I1.U_MUX2/O87 (U0/I_YES_D.U_ILA/U_STAT/TDO_next)
     FDE:D                     0.268          U0/I_YES_D.U_ILA/U_STAT/U_TDO
    ----------------------------------------
    Total                      5.624ns (3.860ns logic, 1.764ns route)
                                       (68.6% logic, 31.4% route)

=========================================================================
Timing constraint: TS_J2_TO_D2 = FROM TIMEGRP "FFS" TO TIMEGRP "D2_CLK" TIG;
-------------------------------------------------------------------------
WARNING:Xst:1415 - No path found for this constraint.

=========================================================================
Timing constraint: TS_J3_TO_D2 = FROM TIMEGRP "FFS" TO TIMEGRP "D2_CLK" TIG;
-------------------------------------------------------------------------
WARNING:Xst:1415 - No path found for this constraint.

=========================================================================
Timing constraint: TS_J4_TO_D2 = FROM TIMEGRP "FFS" TO TIMEGRP "D2_CLK" TIG;
-------------------------------------------------------------------------
WARNING:Xst:1415 - No path found for this constraint.

=========================================================================


Total REAL time to Xst completion: 17.00 secs
Total CPU time to Xst completion: 16.02 secs
 
--> 


Total memory usage is 708324 kilobytes

Number of errors   :    0 (   0 filtered)
Number of warnings :    8 (   0 filtered)
Number of infos    :    8 (   0 filtered)

